<?xml version="1.0" encoding="UTF-8"?>
<!-- Generated by org.testng.reporters.JUnitReportReporter -->
<testsuite hostname="WIN-52KHUB8PPPL" name="SearchTest" tests="1" failures="0" timestamp="7 Sep 2016 15:12:19 GMT" time="4.132" errors="0">
  <testcase name="searchTest" time="4.132" classname="SearchTest"/>
</testsuite> <!-- SearchTest -->
