<?xml version="1.0" encoding="UTF-8"?>
<!-- Generated by org.testng.reporters.JUnitReportReporter -->
<testsuite hostname="WIN-52KHUB8PPPL" name="ContactUsTest" tests="2" failures="0" timestamp="7 Sep 2016 15:12:19 GMT" time="6.004" errors="0">
  <testcase name="contactUsPageFormFillingAndSuccessfulMessageReceiving" time="2.575" classname="ContactUsTest"/>
  <testcase name="contactUsPageFormFillingAndErrorMessageReceiving" time="3.429" classname="ContactUsTest"/>
</testsuite> <!-- ContactUsTest -->
